2021-12-23 22:10:48,669 INFO o.a.j.u.JMeterUtils: Setting Locale to en_EN
2021-12-23 22:10:48,687 INFO o.a.j.JMeter: Loading user properties from: D:\QA\apache-jmeter-5.4.1\bin\user.properties
2021-12-23 22:10:48,688 INFO o.a.j.JMeter: Loading system properties from: D:\QA\apache-jmeter-5.4.1\bin\system.properties
2021-12-23 22:10:48,700 INFO o.a.j.JMeter: Copyright (c) 1998-2021 The Apache Software Foundation
2021-12-23 22:10:48,701 INFO o.a.j.JMeter: Version 5.4.1
2021-12-23 22:10:48,701 INFO o.a.j.JMeter: java.version=1.8.0_301
2021-12-23 22:10:48,701 INFO o.a.j.JMeter: java.vm.name=Java HotSpot(TM) 64-Bit Server VM
2021-12-23 22:10:48,701 INFO o.a.j.JMeter: os.name=Windows 10
2021-12-23 22:10:48,701 INFO o.a.j.JMeter: os.arch=amd64
2021-12-23 22:10:48,701 INFO o.a.j.JMeter: os.version=10.0
2021-12-23 22:10:48,701 INFO o.a.j.JMeter: file.encoding=Cp1252
2021-12-23 22:10:48,701 INFO o.a.j.JMeter: java.awt.headless=true
2021-12-23 22:10:48,701 INFO o.a.j.JMeter: Max memory     =1073741824
2021-12-23 22:10:48,702 INFO o.a.j.JMeter: Available Processors =8
2021-12-23 22:10:48,707 INFO o.a.j.JMeter: Default Locale=English (EN)
2021-12-23 22:10:48,708 INFO o.a.j.JMeter: JMeter  Locale=English (EN)
2021-12-23 22:10:48,708 INFO o.a.j.JMeter: JMeterHome=D:\QA\apache-jmeter-5.4.1
2021-12-23 22:10:48,708 INFO o.a.j.JMeter: user.dir  =D:\QA\apache-jmeter-5.4.1\bin\customer_info
2021-12-23 22:10:48,708 INFO o.a.j.JMeter: PWD       =D:\QA\apache-jmeter-5.4.1\bin\customer_info
2021-12-23 22:10:48,710 INFO o.a.j.JMeter: IP: 192.168.0.106 Name: DESKTOP-285ADBM FullName: DESKTOP-285ADBM
2021-12-23 22:10:48,715 INFO o.a.j.JMeter: Setting property 'jmeter.reportgenerator.outputdir' to:'D:\QA\apache-jmeter-5.4.1\bin\customer_info\Reports'
2021-12-23 22:10:48,718 INFO o.a.j.s.FileServer: Default base='D:\QA\apache-jmeter-5.4.1\bin\customer_info'
2021-12-23 22:10:48,719 INFO o.a.j.s.FileServer: Set new base='D:\QA\apache-jmeter-5.4.1\bin\customer_info'
2021-12-23 22:10:48,888 INFO o.a.j.s.SaveService: Testplan (JMX) version: 2.2. Testlog (JTL) version: 2.2
2021-12-23 22:10:48,918 INFO o.a.j.s.SaveService: Using SaveService properties file encoding UTF-8
2021-12-23 22:10:48,924 INFO o.a.j.s.SaveService: Using SaveService properties version 5.0
2021-12-23 22:10:48,932 INFO o.a.j.s.SaveService: Loading file: Customer.jmx
2021-12-23 22:10:48,995 INFO o.a.j.p.h.s.HTTPSamplerBase: Parser for text/html is org.apache.jmeter.protocol.http.parser.LagartoBasedHtmlParser
2021-12-23 22:10:48,995 INFO o.a.j.p.h.s.HTTPSamplerBase: Parser for application/xhtml+xml is org.apache.jmeter.protocol.http.parser.LagartoBasedHtmlParser
2021-12-23 22:10:48,995 INFO o.a.j.p.h.s.HTTPSamplerBase: Parser for application/xml is org.apache.jmeter.protocol.http.parser.LagartoBasedHtmlParser
2021-12-23 22:10:48,995 INFO o.a.j.p.h.s.HTTPSamplerBase: Parser for text/xml is org.apache.jmeter.protocol.http.parser.LagartoBasedHtmlParser
2021-12-23 22:10:48,996 INFO o.a.j.p.h.s.HTTPSamplerBase: Parser for text/vnd.wap.wml is org.apache.jmeter.protocol.http.parser.RegexpHTMLParser
2021-12-23 22:10:48,996 INFO o.a.j.p.h.s.HTTPSamplerBase: Parser for text/css is org.apache.jmeter.protocol.http.parser.CssParser
2021-12-23 22:10:49,078 INFO o.a.j.JMeter: Creating summariser <summary>
2021-12-23 22:10:49,085 INFO o.a.j.r.d.ReportGenerator: ReportGenerator will use for Parsing the separator: ','
2021-12-23 22:10:49,085 INFO o.a.j.r.d.ReportGenerator: Will generate report at end of test from  results file: log.csv
2021-12-23 22:10:49,085 INFO o.a.j.r.d.ReportGenerator: Reading report generator properties from: D:\QA\apache-jmeter-5.4.1\bin\reportgenerator.properties
2021-12-23 22:10:49,087 INFO o.a.j.r.d.ReportGenerator: Merging with JMeter properties
2021-12-23 22:10:49,093 INFO o.a.j.r.c.ReportGeneratorConfiguration: Property 'jmeter.reportgenerator.temp_dir' not found, using default value 'temp' instead.
2021-12-23 22:10:49,097 INFO o.a.j.r.c.ReportGeneratorConfiguration: Property 'jmeter.reportgenerator.apdex_per_transaction' not found, using default value 'null' instead.
2021-12-23 22:10:49,098 INFO o.a.j.r.c.ReportGeneratorConfiguration: apdex_per_transaction is empty, not APDEX per transaction customization
2021-12-23 22:10:49,098 INFO o.a.j.r.c.ReportGeneratorConfiguration: Property 'jmeter.reportgenerator.sample_filter' not found, using default value 'null' instead.
2021-12-23 22:10:49,098 INFO o.a.j.r.c.ReportGeneratorConfiguration: Property 'jmeter.reportgenerator.report_title' not found, using default value 'null' instead.
2021-12-23 22:10:49,098 INFO o.a.j.r.c.ReportGeneratorConfiguration: Property 'jmeter.reportgenerator.start_date' not found, using default value 'null' instead.
2021-12-23 22:10:49,098 INFO o.a.j.r.c.ReportGeneratorConfiguration: Property 'jmeter.reportgenerator.end_date' not found, using default value 'null' instead.
2021-12-23 22:10:49,098 INFO o.a.j.r.c.ReportGeneratorConfiguration: Property 'jmeter.reportgenerator.date_format' not found, using default value 'null' instead.
2021-12-23 22:10:49,099 INFO o.a.j.r.c.ReportGeneratorConfiguration: Will use date range start date: null, end date: null
2021-12-23 22:10:49,114 INFO o.a.j.r.c.ReportGeneratorConfiguration: Property 'jmeter.reportgenerator.graph.totalTPS.exclude_controllers' not found, using default value 'false' instead.
2021-12-23 22:10:49,114 INFO o.a.j.r.c.ReportGeneratorConfiguration: Property 'jmeter.reportgenerator.graph.activeThreadsOverTime.exclude_controllers' not found, using default value 'false' instead.
2021-12-23 22:10:49,114 INFO o.a.j.r.c.ReportGeneratorConfiguration: Property 'jmeter.reportgenerator.graph.timeVsThreads.exclude_controllers' not found, using default value 'false' instead.
2021-12-23 22:10:49,115 INFO o.a.j.r.c.ReportGeneratorConfiguration: Property 'jmeter.reportgenerator.graph.responseTimeDistribution.exclude_controllers' not found, using default value 'false' instead.
2021-12-23 22:10:49,115 INFO o.a.j.r.c.ReportGeneratorConfiguration: Property 'jmeter.reportgenerator.graph.transactionsPerSecond.exclude_controllers' not found, using default value 'false' instead.
2021-12-23 22:10:49,115 INFO o.a.j.r.c.ReportGeneratorConfiguration: Property 'jmeter.reportgenerator.graph.responseTimePercentiles.exclude_controllers' not found, using default value 'false' instead.
2021-12-23 22:10:49,115 INFO o.a.j.r.c.ReportGeneratorConfiguration: Property 'jmeter.reportgenerator.graph.responseTimePercentilesOverTime.exclude_controllers' not found, using default value 'false' instead.
2021-12-23 22:10:49,115 INFO o.a.j.r.c.ReportGeneratorConfiguration: Property 'jmeter.reportgenerator.graph.responseTimesOverTime.exclude_controllers' not found, using default value 'false' instead.
2021-12-23 22:10:49,116 INFO o.a.j.r.c.ReportGeneratorConfiguration: Property 'jmeter.reportgenerator.graph.connectTimeOverTime.exclude_controllers' not found, using default value 'false' instead.
2021-12-23 22:10:49,116 INFO o.a.j.r.c.ReportGeneratorConfiguration: Property 'jmeter.reportgenerator.graph.latenciesOverTime.exclude_controllers' not found, using default value 'false' instead.
2021-12-23 22:10:49,117 INFO o.a.j.r.c.ReportGeneratorConfiguration: Property 'jmeter.reportgenerator.exporter.json.filters_only_sample_series' not found, using default value 'true' instead.
2021-12-23 22:10:49,118 INFO o.a.j.r.c.ReportGeneratorConfiguration: Property 'jmeter.reportgenerator.exporter.json.series_filter' not found, using default value '' instead.
2021-12-23 22:10:49,118 INFO o.a.j.r.c.ReportGeneratorConfiguration: Property 'jmeter.reportgenerator.exporter.json.show_controllers_only' not found, using default value 'false' instead.
2021-12-23 22:10:49,118 INFO o.a.j.r.c.ReportGeneratorConfiguration: Property 'jmeter.reportgenerator.exporter.html.filters_only_sample_series' not found, using default value 'true' instead.
2021-12-23 22:10:49,119 INFO o.a.j.r.c.ReportGeneratorConfiguration: Property 'jmeter.reportgenerator.exporter.html.series_filter' not found, using default value '' instead.
2021-12-23 22:10:49,119 INFO o.a.j.r.c.ReportGeneratorConfiguration: Property 'jmeter.reportgenerator.exporter.html.show_controllers_only' not found, using default value 'false' instead.
2021-12-23 22:10:49,124 INFO o.a.j.e.StandardJMeterEngine: Running the test!
2021-12-23 22:10:49,125 INFO o.a.j.s.SampleEvent: List of sample_variables: []
2021-12-23 22:10:49,125 INFO o.a.j.s.SampleEvent: List of sample_variables: []
2021-12-23 22:10:49,130 INFO o.a.j.e.u.CompoundVariable: Note: Function class names must contain the string: '.functions.'
2021-12-23 22:10:49,130 INFO o.a.j.e.u.CompoundVariable: Note: Function class names must not contain the string: '.gui.'
2021-12-23 22:10:49,763 INFO o.a.j.JMeter: Running test (1640275849763)
2021-12-23 22:10:49,811 INFO o.a.j.e.StandardJMeterEngine: Starting ThreadGroup: 1 : Thread Group
2021-12-23 22:10:49,811 INFO o.a.j.e.StandardJMeterEngine: Starting 10 threads for group Thread Group.
2021-12-23 22:10:49,811 INFO o.a.j.e.StandardJMeterEngine: Thread will continue on error
2021-12-23 22:10:49,811 INFO o.a.j.t.ThreadGroup: Starting thread group... number=1 threads=10 ramp-up=1 delayedStart=false
2021-12-23 22:10:49,828 INFO o.a.j.t.ThreadGroup: Started thread group number 1
2021-12-23 22:10:49,828 INFO o.a.j.e.StandardJMeterEngine: All thread groups have been started
2021-12-23 22:10:49,833 INFO o.a.j.t.JMeterThread: Thread started: Thread Group 1-1
2021-12-23 22:10:49,836 INFO o.a.j.s.FileServer: Stored: D:/QA/apache-jmeter-5.4.1/bin/customer_info/customers.csv
2021-12-23 22:10:49,870 INFO o.a.j.p.h.s.HTTPHCAbstractImpl: Local host = DESKTOP-285ADBM
2021-12-23 22:10:49,880 INFO o.a.j.p.h.s.HTTPHC4Impl: HTTP request retry count = 0
2021-12-23 22:10:49,882 INFO o.a.j.s.SampleResult: Note: Sample TimeStamps are START times
2021-12-23 22:10:49,883 INFO o.a.j.s.SampleResult: sampleresult.default.encoding is set to ISO-8859-1
2021-12-23 22:10:49,883 INFO o.a.j.s.SampleResult: sampleresult.useNanoTime=true
2021-12-23 22:10:49,883 INFO o.a.j.s.SampleResult: sampleresult.nanoThreadSleep=5000
2021-12-23 22:10:49,929 INFO o.a.j.t.JMeterThread: Thread started: Thread Group 1-2
2021-12-23 22:10:50,027 INFO o.a.j.t.JMeterThread: Thread started: Thread Group 1-3
2021-12-23 22:10:50,127 INFO o.a.j.t.JMeterThread: Thread started: Thread Group 1-4
2021-12-23 22:10:50,225 INFO o.a.j.t.JMeterThread: Thread started: Thread Group 1-5
2021-12-23 22:10:50,322 INFO o.a.j.t.JMeterThread: Thread started: Thread Group 1-6
2021-12-23 22:10:50,422 INFO o.a.j.t.JMeterThread: Thread started: Thread Group 1-7
2021-12-23 22:10:50,519 INFO o.a.j.t.JMeterThread: Thread started: Thread Group 1-8
2021-12-23 22:10:50,618 INFO o.a.j.t.JMeterThread: Thread started: Thread Group 1-9
2021-12-23 22:10:50,719 INFO o.a.j.t.JMeterThread: Thread started: Thread Group 1-10
2021-12-23 22:10:51,606 INFO o.a.j.p.h.s.h.LazyLayeredConnectionSocketFactory: Setting up HTTPS TrustAll Socket Factory
2021-12-23 22:10:51,619 INFO o.a.j.u.JsseSSLManager: Using default SSL protocol: TLS
2021-12-23 22:10:51,619 INFO o.a.j.u.JsseSSLManager: SSL session context: per-thread
2021-12-23 22:10:52,559 INFO o.a.j.u.SSLManager: JmeterKeyStore Location:  type JKS
2021-12-23 22:10:52,563 INFO o.a.j.u.SSLManager: KeyStore created OK
2021-12-23 22:10:52,563 WARN o.a.j.u.SSLManager: Keystore file not found, loading empty keystore
2021-12-23 22:10:55,213 INFO o.a.j.m.J.JSR223 PreProcessor: ----- Calling user info generating API -----
2021-12-23 22:10:55,213 INFO o.a.j.m.J.JSR223 PreProcessor: ----- Calling user info generating API -----
2021-12-23 22:10:55,213 INFO o.a.j.m.J.JSR223 PreProcessor: ----- Calling user info generating API -----
2021-12-23 22:10:55,213 INFO o.a.j.m.J.JSR223 PreProcessor: ----- Calling user info generating API -----
2021-12-23 22:10:55,213 INFO o.a.j.m.J.JSR223 PreProcessor: ----- Calling user info generating API -----
2021-12-23 22:10:55,213 INFO o.a.j.m.J.JSR223 PreProcessor: ----- Calling user info generating API -----
2021-12-23 22:10:55,213 INFO o.a.j.m.J.JSR223 PreProcessor: ----- Calling user info generating API -----
2021-12-23 22:10:55,214 INFO o.a.j.m.J.JSR223 PreProcessor: ----- Calling user info generating API -----
2021-12-23 22:10:55,213 INFO o.a.j.m.J.JSR223 PreProcessor: ----- Calling user info generating API -----
2021-12-23 22:10:55,214 INFO o.a.j.m.J.JSR223 PreProcessor: ----- Calling user info generating API -----
2021-12-23 22:10:55,862 INFO o.a.j.m.J.JSR223 PreProcessor: ----- Response -----
2021-12-23 22:10:55,862 INFO o.a.j.m.J.JSR223 PreProcessor: {"results":[{"gender":"female","name":{"title":"Madame","first":"Sigrid","last":"Lacroix"},"location":{"street":{"number":7488,"name":"Avenue du Château"},"city":"Seeberg","state":"Schwyz","country":"Switzerland","postcode":2041,"coordinates":{"latitude":"-55.0438","longitude":"105.6267"},"timezone":{"offset":"-9:00","description":"Alaska"}},"email":"sigrid.lacroix@example.com","login":{"uuid":"e7c1b0ca-1db5-4be9-a7f8-acc2e81af044","username":"orangeostrich792","password":"vides","salt":"2RwT3MkE","md5":"2844c7e52cad8a2dc7d46aa5d5b30265","sha1":"ead97d9f4eaf7f389aba3665b6d0f3bb9770a5e8","sha256":"a2bdf05dd974798adfaf8238e7defbf017dadb5e3a1e64e5b6d1719d23f18508"},"dob":{"date":"1986-09-14T03:52:19.276Z","age":35},"registered":{"date":"2005-01-25T15:51:34.985Z","age":16},"phone":"078 902 21 48","cell":"079 858 25 19","id":{"name":"AVS","value":"756.8207.0329.34"},"picture":{"large":"https://randomuser.me/api/portraits/women/85.jpg","medium":"https://randomuser.me/api/portraits/med/women/85.jpg","thumbnail":"https://randomuser.me/api/portraits/thumb/women/85.jpg"},"nat":"CH"}],"info":{"seed":"c86c9b73c86423e5","results":1,"page":1,"version":"1.3"}}
2021-12-23 22:10:55,876 INFO o.a.j.m.J.JSR223 PreProcessor: ----- Response -----
2021-12-23 22:10:55,876 INFO o.a.j.m.J.JSR223 PreProcessor: <html>
<head>
<title>Uh oh, something bad happened</title>
</head>
<body align='center'>
<h1 align='center'>Uh oh, something bad happened</h1>
<a class="twitter-timeline" data-width="450" data-height="700" data-theme="light" href="https://twitter.com/randomapi">Tweets by randomapi</a> <script async src="//platform.twitter.com/widgets.js" charset="utf-8" type="5d0a879368e50c8e07149426-text/javascript"></script>
<script src="/cdn-cgi/scripts/7d0fa10a/cloudflare-static/rocket-loader.min.js" data-cf-settings="5d0a879368e50c8e07149426-|49" defer=""></script></body>
</html>

2021-12-23 22:10:55,880 INFO o.a.j.m.J.JSR223 PreProcessor: ----- Set to environment variables-----
2021-12-23 22:10:55,884 INFO o.a.j.m.J.JSR223 PreProcessor: ----- Response -----
2021-12-23 22:10:55,884 INFO o.a.j.m.J.JSR223 PreProcessor: ----- Response -----
2021-12-23 22:10:55,884 INFO o.a.j.m.J.JSR223 PreProcessor: <html>
<head>
<title>Uh oh, something bad happened</title>
</head>
<body align='center'>
<h1 align='center'>Uh oh, something bad happened</h1>
<a class="twitter-timeline" data-width="450" data-height="700" data-theme="light" href="https://twitter.com/randomapi">Tweets by randomapi</a> <script async src="//platform.twitter.com/widgets.js" charset="utf-8" type="752c1bdbe7c9aa92b3cc43c6-text/javascript"></script>
<script src="/cdn-cgi/scripts/7d0fa10a/cloudflare-static/rocket-loader.min.js" data-cf-settings="752c1bdbe7c9aa92b3cc43c6-|49" defer=""></script></body>
</html>

2021-12-23 22:10:55,884 INFO o.a.j.m.J.JSR223 PreProcessor: <html>
<head>
<title>Uh oh, something bad happened</title>
</head>
<body align='center'>
<h1 align='center'>Uh oh, something bad happened</h1>
<a class="twitter-timeline" data-width="450" data-height="700" data-theme="light" href="https://twitter.com/randomapi">Tweets by randomapi</a> <script async src="//platform.twitter.com/widgets.js" charset="utf-8" type="f3e8734167f57d851d01e0c9-text/javascript"></script>
<script src="/cdn-cgi/scripts/7d0fa10a/cloudflare-static/rocket-loader.min.js" data-cf-settings="f3e8734167f57d851d01e0c9-|49" defer=""></script></body>
</html>

2021-12-23 22:10:55,879 ERROR o.a.j.m.JSR223PreProcessor: Problem in JSR223 script, JSR223 PreProcessor
javax.script.ScriptException: groovy.json.JsonException: Unable to determine the current character, it is not a string, number, array, or object

The current character read is '<' with an int value of 60
Unable to determine the current character, it is not a string, number, array, or object
line number 1
index number 0
<html>
^
	at org.codehaus.groovy.jsr223.GroovyScriptEngineImpl.eval(GroovyScriptEngineImpl.java:320) ~[groovy-jsr223-3.0.7.jar:3.0.7]
	at org.codehaus.groovy.jsr223.GroovyCompiledScript.eval(GroovyCompiledScript.java:71) ~[groovy-jsr223-3.0.7.jar:3.0.7]
	at javax.script.CompiledScript.eval(CompiledScript.java:92) ~[?:1.8.0_301]
	at org.apache.jmeter.util.JSR223TestElement.processFileOrScript(JSR223TestElement.java:217) ~[ApacheJMeter_core.jar:5.4.1]
	at org.apache.jmeter.modifiers.JSR223PreProcessor.process(JSR223PreProcessor.java:45) [ApacheJMeter_components.jar:5.4.1]
	at org.apache.jmeter.threads.JMeterThread.runPreProcessors(JMeterThread.java:965) [ApacheJMeter_core.jar:5.4.1]
	at org.apache.jmeter.threads.JMeterThread.executeSamplePackage(JMeterThread.java:549) [ApacheJMeter_core.jar:5.4.1]
	at org.apache.jmeter.threads.JMeterThread.processSampler(JMeterThread.java:489) [ApacheJMeter_core.jar:5.4.1]
	at org.apache.jmeter.threads.JMeterThread.run(JMeterThread.java:256) [ApacheJMeter_core.jar:5.4.1]
	at java.lang.Thread.run(Thread.java:748) [?:1.8.0_301]
Caused by: groovy.json.JsonException: Unable to determine the current character, it is not a string, number, array, or object

The current character read is '<' with an int value of 60
Unable to determine the current character, it is not a string, number, array, or object
line number 1
index number 0
<html>
^
	at org.apache.groovy.json.internal.JsonParserCharArray.decodeValueInternal(JsonParserCharArray.java:202) ~[groovy-json-3.0.7.jar:3.0.7]
	at org.apache.groovy.json.internal.JsonParserCharArray.decodeValue(JsonParserCharArray.java:153) ~[groovy-json-3.0.7.jar:3.0.7]
	at org.apache.groovy.json.internal.JsonParserCharArray.decodeFromChars(JsonParserCharArray.java:43) ~[groovy-json-3.0.7.jar:3.0.7]
	at org.apache.groovy.json.internal.JsonParserCharArray.parse(JsonParserCharArray.java:380) ~[groovy-json-3.0.7.jar:3.0.7]
	at org.apache.groovy.json.internal.BaseJsonParser.parse(BaseJsonParser.java:113) ~[groovy-json-3.0.7.jar:3.0.7]
	at groovy.json.JsonSlurper.parseText(JsonSlurper.java:204) ~[groovy-json-3.0.7.jar:3.0.7]
	at groovy.json.JsonSlurper$parseText.call(Unknown Source) ~[?:?]
	at Script1.run(Script1.groovy:15) ~[?:?]
	at org.codehaus.groovy.jsr223.GroovyScriptEngineImpl.eval(GroovyScriptEngineImpl.java:317) ~[groovy-jsr223-3.0.7.jar:3.0.7]
	... 9 more
2021-12-23 22:10:55,884 ERROR o.a.j.m.JSR223PreProcessor: Problem in JSR223 script, JSR223 PreProcessor
javax.script.ScriptException: groovy.json.JsonException: Unable to determine the current character, it is not a string, number, array, or object

The current character read is '<' with an int value of 60
Unable to determine the current character, it is not a string, number, array, or object
line number 1
index number 0
<html>
^
	at org.codehaus.groovy.jsr223.GroovyScriptEngineImpl.eval(GroovyScriptEngineImpl.java:320) ~[groovy-jsr223-3.0.7.jar:3.0.7]
	at org.codehaus.groovy.jsr223.GroovyCompiledScript.eval(GroovyCompiledScript.java:71) ~[groovy-jsr223-3.0.7.jar:3.0.7]
	at javax.script.CompiledScript.eval(CompiledScript.java:92) ~[?:1.8.0_301]
	at org.apache.jmeter.util.JSR223TestElement.processFileOrScript(JSR223TestElement.java:217) ~[ApacheJMeter_core.jar:5.4.1]
	at org.apache.jmeter.modifiers.JSR223PreProcessor.process(JSR223PreProcessor.java:45) [ApacheJMeter_components.jar:5.4.1]
	at org.apache.jmeter.threads.JMeterThread.runPreProcessors(JMeterThread.java:965) [ApacheJMeter_core.jar:5.4.1]
	at org.apache.jmeter.threads.JMeterThread.executeSamplePackage(JMeterThread.java:549) [ApacheJMeter_core.jar:5.4.1]
	at org.apache.jmeter.threads.JMeterThread.processSampler(JMeterThread.java:489) [ApacheJMeter_core.jar:5.4.1]
	at org.apache.jmeter.threads.JMeterThread.run(JMeterThread.java:256) [ApacheJMeter_core.jar:5.4.1]
	at java.lang.Thread.run(Thread.java:748) [?:1.8.0_301]
Caused by: groovy.json.JsonException: Unable to determine the current character, it is not a string, number, array, or object

The current character read is '<' with an int value of 60
Unable to determine the current character, it is not a string, number, array, or object
line number 1
index number 0
<html>
^
	at org.apache.groovy.json.internal.JsonParserCharArray.decodeValueInternal(JsonParserCharArray.java:202) ~[groovy-json-3.0.7.jar:3.0.7]
	at org.apache.groovy.json.internal.JsonParserCharArray.decodeValue(JsonParserCharArray.java:153) ~[groovy-json-3.0.7.jar:3.0.7]
	at org.apache.groovy.json.internal.JsonParserCharArray.decodeFromChars(JsonParserCharArray.java:43) ~[groovy-json-3.0.7.jar:3.0.7]
	at org.apache.groovy.json.internal.JsonParserCharArray.parse(JsonParserCharArray.java:380) ~[groovy-json-3.0.7.jar:3.0.7]
	at org.apache.groovy.json.internal.BaseJsonParser.parse(BaseJsonParser.java:113) ~[groovy-json-3.0.7.jar:3.0.7]
	at groovy.json.JsonSlurper.parseText(JsonSlurper.java:204) ~[groovy-json-3.0.7.jar:3.0.7]
	at groovy.json.JsonSlurper$parseText.call(Unknown Source) ~[?:?]
	at Script1.run(Script1.groovy:15) ~[?:?]
	at org.codehaus.groovy.jsr223.GroovyScriptEngineImpl.eval(GroovyScriptEngineImpl.java:317) ~[groovy-jsr223-3.0.7.jar:3.0.7]
	... 9 more
2021-12-23 22:10:55,884 ERROR o.a.j.m.JSR223PreProcessor: Problem in JSR223 script, JSR223 PreProcessor
javax.script.ScriptException: groovy.json.JsonException: Unable to determine the current character, it is not a string, number, array, or object

The current character read is '<' with an int value of 60
Unable to determine the current character, it is not a string, number, array, or object
line number 1
index number 0
<html>
^
	at org.codehaus.groovy.jsr223.GroovyScriptEngineImpl.eval(GroovyScriptEngineImpl.java:320) ~[groovy-jsr223-3.0.7.jar:3.0.7]
	at org.codehaus.groovy.jsr223.GroovyCompiledScript.eval(GroovyCompiledScript.java:71) ~[groovy-jsr223-3.0.7.jar:3.0.7]
	at javax.script.CompiledScript.eval(CompiledScript.java:92) ~[?:1.8.0_301]
	at org.apache.jmeter.util.JSR223TestElement.processFileOrScript(JSR223TestElement.java:217) ~[ApacheJMeter_core.jar:5.4.1]
	at org.apache.jmeter.modifiers.JSR223PreProcessor.process(JSR223PreProcessor.java:45) [ApacheJMeter_components.jar:5.4.1]
	at org.apache.jmeter.threads.JMeterThread.runPreProcessors(JMeterThread.java:965) [ApacheJMeter_core.jar:5.4.1]
	at org.apache.jmeter.threads.JMeterThread.executeSamplePackage(JMeterThread.java:549) [ApacheJMeter_core.jar:5.4.1]
	at org.apache.jmeter.threads.JMeterThread.processSampler(JMeterThread.java:489) [ApacheJMeter_core.jar:5.4.1]
	at org.apache.jmeter.threads.JMeterThread.run(JMeterThread.java:256) [ApacheJMeter_core.jar:5.4.1]
	at java.lang.Thread.run(Thread.java:748) [?:1.8.0_301]
Caused by: groovy.json.JsonException: Unable to determine the current character, it is not a string, number, array, or object

The current character read is '<' with an int value of 60
Unable to determine the current character, it is not a string, number, array, or object
line number 1
index number 0
<html>
^
	at org.apache.groovy.json.internal.JsonParserCharArray.decodeValueInternal(JsonParserCharArray.java:202) ~[groovy-json-3.0.7.jar:3.0.7]
	at org.apache.groovy.json.internal.JsonParserCharArray.decodeValue(JsonParserCharArray.java:153) ~[groovy-json-3.0.7.jar:3.0.7]
	at org.apache.groovy.json.internal.JsonParserCharArray.decodeFromChars(JsonParserCharArray.java:43) ~[groovy-json-3.0.7.jar:3.0.7]
	at org.apache.groovy.json.internal.JsonParserCharArray.parse(JsonParserCharArray.java:380) ~[groovy-json-3.0.7.jar:3.0.7]
	at org.apache.groovy.json.internal.BaseJsonParser.parse(BaseJsonParser.java:113) ~[groovy-json-3.0.7.jar:3.0.7]
	at groovy.json.JsonSlurper.parseText(JsonSlurper.java:204) ~[groovy-json-3.0.7.jar:3.0.7]
	at groovy.json.JsonSlurper$parseText.call(Unknown Source) ~[?:?]
	at Script1.run(Script1.groovy:15) ~[?:?]
	at org.codehaus.groovy.jsr223.GroovyScriptEngineImpl.eval(GroovyScriptEngineImpl.java:317) ~[groovy-jsr223-3.0.7.jar:3.0.7]
	... 9 more
2021-12-23 22:10:55,897 INFO o.a.j.m.J.JSR223 PreProcessor: ----- Response -----
2021-12-23 22:10:55,897 INFO o.a.j.m.J.JSR223 PreProcessor: <html>
<head>
<title>Uh oh, something bad happened</title>
</head>
<body align='center'>
<h1 align='center'>Uh oh, something bad happened</h1>
<a class="twitter-timeline" data-width="450" data-height="700" data-theme="light" href="https://twitter.com/randomapi">Tweets by randomapi</a> <script async src="//platform.twitter.com/widgets.js" charset="utf-8" type="9e574f95ff9e15e6f4884ca4-text/javascript"></script>
<script src="/cdn-cgi/scripts/7d0fa10a/cloudflare-static/rocket-loader.min.js" data-cf-settings="9e574f95ff9e15e6f4884ca4-|49" defer=""></script></body>
</html>

2021-12-23 22:10:55,897 ERROR o.a.j.m.JSR223PreProcessor: Problem in JSR223 script, JSR223 PreProcessor
javax.script.ScriptException: groovy.json.JsonException: Unable to determine the current character, it is not a string, number, array, or object

The current character read is '<' with an int value of 60
Unable to determine the current character, it is not a string, number, array, or object
line number 1
index number 0
<html>
^
	at org.codehaus.groovy.jsr223.GroovyScriptEngineImpl.eval(GroovyScriptEngineImpl.java:320) ~[groovy-jsr223-3.0.7.jar:3.0.7]
	at org.codehaus.groovy.jsr223.GroovyCompiledScript.eval(GroovyCompiledScript.java:71) ~[groovy-jsr223-3.0.7.jar:3.0.7]
	at javax.script.CompiledScript.eval(CompiledScript.java:92) ~[?:1.8.0_301]
	at org.apache.jmeter.util.JSR223TestElement.processFileOrScript(JSR223TestElement.java:217) ~[ApacheJMeter_core.jar:5.4.1]
	at org.apache.jmeter.modifiers.JSR223PreProcessor.process(JSR223PreProcessor.java:45) [ApacheJMeter_components.jar:5.4.1]
	at org.apache.jmeter.threads.JMeterThread.runPreProcessors(JMeterThread.java:965) [ApacheJMeter_core.jar:5.4.1]
	at org.apache.jmeter.threads.JMeterThread.executeSamplePackage(JMeterThread.java:549) [ApacheJMeter_core.jar:5.4.1]
	at org.apache.jmeter.threads.JMeterThread.processSampler(JMeterThread.java:489) [ApacheJMeter_core.jar:5.4.1]
	at org.apache.jmeter.threads.JMeterThread.run(JMeterThread.java:256) [ApacheJMeter_core.jar:5.4.1]
	at java.lang.Thread.run(Thread.java:748) [?:1.8.0_301]
Caused by: groovy.json.JsonException: Unable to determine the current character, it is not a string, number, array, or object

The current character read is '<' with an int value of 60
Unable to determine the current character, it is not a string, number, array, or object
line number 1
index number 0
<html>
^
	at org.apache.groovy.json.internal.JsonParserCharArray.decodeValueInternal(JsonParserCharArray.java:202) ~[groovy-json-3.0.7.jar:3.0.7]
	at org.apache.groovy.json.internal.JsonParserCharArray.decodeValue(JsonParserCharArray.java:153) ~[groovy-json-3.0.7.jar:3.0.7]
	at org.apache.groovy.json.internal.JsonParserCharArray.decodeFromChars(JsonParserCharArray.java:43) ~[groovy-json-3.0.7.jar:3.0.7]
	at org.apache.groovy.json.internal.JsonParserCharArray.parse(JsonParserCharArray.java:380) ~[groovy-json-3.0.7.jar:3.0.7]
	at org.apache.groovy.json.internal.BaseJsonParser.parse(BaseJsonParser.java:113) ~[groovy-json-3.0.7.jar:3.0.7]
	at groovy.json.JsonSlurper.parseText(JsonSlurper.java:204) ~[groovy-json-3.0.7.jar:3.0.7]
	at groovy.json.JsonSlurper$parseText.call(Unknown Source) ~[?:?]
	at Script1.run(Script1.groovy:15) ~[?:?]
	at org.codehaus.groovy.jsr223.GroovyScriptEngineImpl.eval(GroovyScriptEngineImpl.java:317) ~[groovy-jsr223-3.0.7.jar:3.0.7]
	... 9 more
2021-12-23 22:10:55,937 INFO o.a.j.m.J.JSR223 PreProcessor: ----- Response -----
2021-12-23 22:10:55,937 INFO o.a.j.m.J.JSR223 PreProcessor: {"results":[{"gender":"female","name":{"title":"Miss","first":"Tilde","last":"Johansen"},"location":{"street":{"number":328,"name":"Uglevej"},"city":"Silkeboeg","state":"Midtjylland","country":"Denmark","postcode":33132,"coordinates":{"latitude":"-32.8762","longitude":"127.2182"},"timezone":{"offset":"-3:30","description":"Newfoundland"}},"email":"tilde.johansen@example.com","login":{"uuid":"f4350eb7-4a9a-4695-813c-8c9e6e73fbf8","username":"smalllion783","password":"cardinal","salt":"QMQxMvqg","md5":"1797b544179a958901eb57d3e6f167e1","sha1":"4f026488d22d388fc7ff09347235940d71485ac2","sha256":"0ffe46f14287b42c7a1f4ab183e7a3d0da26b2d80500535a9ca78d1f324de31c"},"dob":{"date":"1977-08-22T03:49:25.891Z","age":44},"registered":{"date":"2017-07-19T07:22:24.076Z","age":4},"phone":"84297951","cell":"86708975","id":{"name":"CPR","value":"220877-9536"},"picture":{"large":"https://randomuser.me/api/portraits/women/40.jpg","medium":"https://randomuser.me/api/portraits/med/women/40.jpg","thumbnail":"https://randomuser.me/api/portraits/thumb/women/40.jpg"},"nat":"DK"}],"info":{"seed":"826e37b2679c7fec","results":1,"page":1,"version":"1.3"}}
2021-12-23 22:10:55,938 INFO o.a.j.m.J.JSR223 PreProcessor: ----- Set to environment variables-----
2021-12-23 22:10:55,959 INFO o.a.j.m.J.JSR223 PreProcessor: ----- Response -----
2021-12-23 22:10:55,960 INFO o.a.j.m.J.JSR223 PreProcessor: <html>
<head>
<title>Uh oh, something bad happened</title>
</head>
<body align='center'>
<h1 align='center'>Uh oh, something bad happened</h1>
<a class="twitter-timeline" data-width="450" data-height="700" data-theme="light" href="https://twitter.com/randomapi">Tweets by randomapi</a> <script async src="//platform.twitter.com/widgets.js" charset="utf-8" type="6d02160b935175901786d44d-text/javascript"></script>
<script src="/cdn-cgi/scripts/7d0fa10a/cloudflare-static/rocket-loader.min.js" data-cf-settings="6d02160b935175901786d44d-|49" defer=""></script></body>
</html>

2021-12-23 22:10:55,960 ERROR o.a.j.m.JSR223PreProcessor: Problem in JSR223 script, JSR223 PreProcessor
javax.script.ScriptException: groovy.json.JsonException: Unable to determine the current character, it is not a string, number, array, or object

The current character read is '<' with an int value of 60
Unable to determine the current character, it is not a string, number, array, or object
line number 1
index number 0
<html>
^
	at org.codehaus.groovy.jsr223.GroovyScriptEngineImpl.eval(GroovyScriptEngineImpl.java:320) ~[groovy-jsr223-3.0.7.jar:3.0.7]
	at org.codehaus.groovy.jsr223.GroovyCompiledScript.eval(GroovyCompiledScript.java:71) ~[groovy-jsr223-3.0.7.jar:3.0.7]
	at javax.script.CompiledScript.eval(CompiledScript.java:92) ~[?:1.8.0_301]
	at org.apache.jmeter.util.JSR223TestElement.processFileOrScript(JSR223TestElement.java:217) ~[ApacheJMeter_core.jar:5.4.1]
	at org.apache.jmeter.modifiers.JSR223PreProcessor.process(JSR223PreProcessor.java:45) [ApacheJMeter_components.jar:5.4.1]
	at org.apache.jmeter.threads.JMeterThread.runPreProcessors(JMeterThread.java:965) [ApacheJMeter_core.jar:5.4.1]
	at org.apache.jmeter.threads.JMeterThread.executeSamplePackage(JMeterThread.java:549) [ApacheJMeter_core.jar:5.4.1]
	at org.apache.jmeter.threads.JMeterThread.processSampler(JMeterThread.java:489) [ApacheJMeter_core.jar:5.4.1]
	at org.apache.jmeter.threads.JMeterThread.run(JMeterThread.java:256) [ApacheJMeter_core.jar:5.4.1]
	at java.lang.Thread.run(Thread.java:748) [?:1.8.0_301]
Caused by: groovy.json.JsonException: Unable to determine the current character, it is not a string, number, array, or object

The current character read is '<' with an int value of 60
Unable to determine the current character, it is not a string, number, array, or object
line number 1
index number 0
<html>
^
	at org.apache.groovy.json.internal.JsonParserCharArray.decodeValueInternal(JsonParserCharArray.java:202) ~[groovy-json-3.0.7.jar:3.0.7]
	at org.apache.groovy.json.internal.JsonParserCharArray.decodeValue(JsonParserCharArray.java:153) ~[groovy-json-3.0.7.jar:3.0.7]
	at org.apache.groovy.json.internal.JsonParserCharArray.decodeFromChars(JsonParserCharArray.java:43) ~[groovy-json-3.0.7.jar:3.0.7]
	at org.apache.groovy.json.internal.JsonParserCharArray.parse(JsonParserCharArray.java:380) ~[groovy-json-3.0.7.jar:3.0.7]
	at org.apache.groovy.json.internal.BaseJsonParser.parse(BaseJsonParser.java:113) ~[groovy-json-3.0.7.jar:3.0.7]
	at groovy.json.JsonSlurper.parseText(JsonSlurper.java:204) ~[groovy-json-3.0.7.jar:3.0.7]
	at groovy.json.JsonSlurper$parseText.call(Unknown Source) ~[?:?]
	at Script1.run(Script1.groovy:15) ~[?:?]
	at org.codehaus.groovy.jsr223.GroovyScriptEngineImpl.eval(GroovyScriptEngineImpl.java:317) ~[groovy-jsr223-3.0.7.jar:3.0.7]
	... 9 more
2021-12-23 22:10:56,192 INFO o.a.j.t.JMeterThread: Thread is done: Thread Group 1-7
2021-12-23 22:10:56,192 INFO o.a.j.t.JMeterThread: Thread finished: Thread Group 1-7
2021-12-23 22:10:56,212 INFO o.a.j.m.J.JSR223 PreProcessor: ----- Response -----
2021-12-23 22:10:56,212 INFO o.a.j.m.J.JSR223 PreProcessor: {"results":[{"gender":"male","name":{"title":"Mr","first":"Alexandre","last":"Thompson"},"location":{"street":{"number":7678,"name":"22nd Ave"},"city":"Trout Lake","state":"Prince Edward Island","country":"Canada","postcode":"F2I 4L6","coordinates":{"latitude":"-60.5092","longitude":"-101.8057"},"timezone":{"offset":"-10:00","description":"Hawaii"}},"email":"alexandre.thompson@example.com","login":{"uuid":"0e1c0eb5-bc21-4e7f-9a64-b4286e313c96","username":"happyelephant755","password":"neutron","salt":"TYie4B8g","md5":"024c2b29365dadf7f4c68ea233d13a1e","sha1":"fdc744b6c87dc2545da31cd8986e2c2a07a58669","sha256":"7b0f52fee3e088db612319aa6757557e9e0b18f4ea7edb2c841d9f9ebb89a61a"},"dob":{"date":"1958-04-06T07:41:23.770Z","age":63},"registered":{"date":"2004-12-20T00:21:55.519Z","age":17},"phone":"392-017-6471","cell":"245-073-3803","id":{"name":"","value":null},"picture":{"large":"https://randomuser.me/api/portraits/men/54.jpg","medium":"https://randomuser.me/api/portraits/med/men/54.jpg","thumbnail":"https://randomuser.me/api/portraits/thumb/men/54.jpg"},"nat":"CA"}],"info":{"seed":"26b735afe156b10e","results":1,"page":1,"version":"1.3"}}
2021-12-23 22:10:56,212 INFO o.a.j.m.J.JSR223 PreProcessor: ----- Set to environment variables-----
2021-12-23 22:10:56,265 INFO o.a.j.m.J.JSR223 PreProcessor: ----- Response -----
2021-12-23 22:10:56,265 INFO o.a.j.m.J.JSR223 PreProcessor: {"results":[{"gender":"male","name":{"title":"Mr","first":"Aaron","last":"Turner"},"location":{"street":{"number":1609,"name":"Te Atatu Road"},"city":"Napier","state":"Auckland","country":"New Zealand","postcode":33849,"coordinates":{"latitude":"66.1828","longitude":"-29.0376"},"timezone":{"offset":"-1:00","description":"Azores, Cape Verde Islands"}},"email":"aaron.turner@example.com","login":{"uuid":"0c62d704-5977-4128-b723-6350544ac8fa","username":"blackduck459","password":"italian","salt":"vLCDgkIB","md5":"4ffd0c94bf8af0d087659b422437fd4c","sha1":"7434bd36c07723a08f0f19756356bcdb53212a7a","sha256":"7c9f600792edc44a8db2276880a479fd381fc6f9f7eeb0c698ca7c26ba0aa77a"},"dob":{"date":"1957-11-19T03:29:25.156Z","age":64},"registered":{"date":"2007-09-17T01:19:38.331Z","age":14},"phone":"(323)-675-9696","cell":"(354)-719-2083","id":{"name":"","value":null},"picture":{"large":"https://randomuser.me/api/portraits/men/3.jpg","medium":"https://randomuser.me/api/portraits/med/men/3.jpg","thumbnail":"https://randomuser.me/api/portraits/thumb/men/3.jpg"},"nat":"NZ"}],"info":{"seed":"e9bdb7bba4f48916","results":1,"page":1,"version":"1.3"}}
2021-12-23 22:10:56,266 INFO o.a.j.m.J.JSR223 PreProcessor: ----- Set to environment variables-----
2021-12-23 22:10:56,452 INFO o.a.j.m.J.JSR223 PreProcessor: ----- Response -----
2021-12-23 22:10:56,453 INFO o.a.j.m.J.JSR223 PreProcessor: {"results":[{"gender":"male","name":{"title":"Mr","first":"Diego","last":"Rojas"},"location":{"street":{"number":9773,"name":"Calle de Alberto Aguilera"},"city":"Valencia","state":"País Vasco","country":"Spain","postcode":43393,"coordinates":{"latitude":"-17.3027","longitude":"-146.6880"},"timezone":{"offset":"+1:00","description":"Brussels, Copenhagen, Madrid, Paris"}},"email":"diego.rojas@example.com","login":{"uuid":"4c7f4ee5-08e8-4f0e-bb81-e47ef57c418b","username":"orangebutterfly940","password":"redline","salt":"cF3H0d57","md5":"778498f32ce0c3e2da7cc26e3d1807ad","sha1":"548cd9c5ec880312620253c4b585eb2310d13e53","sha256":"13a733a9ee48457c26a4da6c25ff193fba396e42af13d3d2214a15b2896a7869"},"dob":{"date":"1959-07-30T19:22:11.181Z","age":62},"registered":{"date":"2010-07-03T04:37:53.059Z","age":11},"phone":"993-472-156","cell":"660-807-848","id":{"name":"DNI","value":"00305164-T"},"picture":{"large":"https://randomuser.me/api/portraits/men/91.jpg","medium":"https://randomuser.me/api/portraits/med/men/91.jpg","thumbnail":"https://randomuser.me/api/portraits/thumb/men/91.jpg"},"nat":"ES"}],"info":{"seed":"3ff2d2c90d396c6a","results":1,"page":1,"version":"1.3"}}
2021-12-23 22:10:56,454 INFO o.a.j.m.J.JSR223 PreProcessor: ----- Set to environment variables-----
2021-12-23 22:10:59,051 INFO o.a.j.t.JMeterThread: Thread is done: Thread Group 1-2
2021-12-23 22:10:59,051 INFO o.a.j.t.JMeterThread: Thread finished: Thread Group 1-2
2021-12-23 22:11:00,220 INFO o.a.j.r.Summariser: summary +     19 in 00:00:10 =    1.8/s Avg:  2747 Min:     3 Max:  4703 Err:     3 (15.79%) Active: 8 Started: 10 Finished: 2
2021-12-23 22:11:01,851 INFO o.a.j.t.JMeterThread: Thread is done: Thread Group 1-9
2021-12-23 22:11:01,851 INFO o.a.j.t.JMeterThread: Thread finished: Thread Group 1-9
2021-12-23 22:11:03,481 INFO o.a.j.t.JMeterThread: Thread is done: Thread Group 1-1
2021-12-23 22:11:03,481 INFO o.a.j.t.JMeterThread: Thread finished: Thread Group 1-1
2021-12-23 22:11:03,555 INFO o.a.j.t.JMeterThread: Thread is done: Thread Group 1-6
2021-12-23 22:11:03,555 INFO o.a.j.t.JMeterThread: Thread finished: Thread Group 1-6
2021-12-23 22:11:08,895 INFO o.a.j.t.JMeterThread: Thread is done: Thread Group 1-10
2021-12-23 22:11:08,895 INFO o.a.j.t.JMeterThread: Thread finished: Thread Group 1-10
2021-12-23 22:11:10,508 INFO o.a.j.t.JMeterThread: Thread is done: Thread Group 1-8
2021-12-23 22:11:10,508 INFO o.a.j.t.JMeterThread: Thread finished: Thread Group 1-8
2021-12-23 22:11:10,528 INFO o.a.j.t.JMeterThread: Thread is done: Thread Group 1-3
2021-12-23 22:11:10,529 INFO o.a.j.t.JMeterThread: Thread finished: Thread Group 1-3
2021-12-23 22:11:10,533 INFO o.a.j.t.JMeterThread: Thread is done: Thread Group 1-5
2021-12-23 22:11:10,533 INFO o.a.j.t.JMeterThread: Thread finished: Thread Group 1-5
2021-12-23 22:11:10,590 INFO o.a.j.t.JMeterThread: Thread is done: Thread Group 1-4
2021-12-23 22:11:10,590 INFO o.a.j.t.JMeterThread: Thread finished: Thread Group 1-4
2021-12-23 22:11:10,592 INFO o.a.j.e.StandardJMeterEngine: Notifying test listeners of end of test
2021-12-23 22:11:10,592 INFO o.a.j.s.FileServer: Close: D:/QA/apache-jmeter-5.4.1/bin/customer_info/customers.csv
2021-12-23 22:11:10,597 INFO o.a.j.r.Summariser: summary +     11 in 00:00:10 =    1.1/s Avg:  7584 Min:  4308 Max: 14334 Err:     1 (9.09%) Active: 0 Started: 10 Finished: 10
2021-12-23 22:11:10,598 INFO o.a.j.r.Summariser: summary =     30 in 00:00:21 =    1.4/s Avg:  4521 Min:     3 Max: 14334 Err:     4 (13.33%)
2021-12-23 22:11:10,599 INFO o.a.j.JMeter: Generating Dashboard
2021-12-23 22:11:10,599 INFO o.a.j.r.d.ReportGenerator: Flushing result collector before report Generation
2021-12-23 22:11:10,632 INFO o.a.j.r.p.NormalizerSampleConsumer: Using format, 'ms', to parse timeStamp field
2021-12-23 22:11:10,762 INFO o.a.j.r.p.AbstractSampleConsumer: class org.apache.jmeter.report.processor.AggregateConsumer#stopProducing(): beginDate produced 0 samples
2021-12-23 22:11:10,763 INFO o.a.j.r.p.AbstractSampleConsumer: class org.apache.jmeter.report.processor.AggregateConsumer#stopProducing(): endDate produced 0 samples
2021-12-23 22:11:10,766 INFO o.a.j.r.p.AbstractSampleConsumer: class org.apache.jmeter.report.processor.ApdexSummaryConsumer#stopProducing(): apdexSummary produced 0 samples
2021-12-23 22:11:10,766 INFO o.a.j.r.p.AbstractSampleConsumer: class org.apache.jmeter.report.processor.RequestsSummaryConsumer#stopProducing(): requestsSummary produced 0 samples
2021-12-23 22:11:10,772 INFO o.a.j.r.p.AbstractSampleConsumer: class org.apache.jmeter.report.processor.StatisticsSummaryConsumer#stopProducing(): statisticsSummary produced 0 samples
2021-12-23 22:11:10,777 INFO o.a.j.r.p.AbstractSampleConsumer: class org.apache.jmeter.report.processor.Top5ErrorsBySamplerConsumer#stopProducing(): top5ErrorsBySampler produced 0 samples
2021-12-23 22:11:10,777 INFO o.a.j.r.p.AbstractSampleConsumer: class org.apache.jmeter.report.processor.ErrorsSummaryConsumer#stopProducing(): errorsSummary produced 0 samples
2021-12-23 22:11:10,777 INFO o.a.j.r.p.AbstractSampleConsumer: class org.apache.jmeter.report.processor.graph.impl.HitsPerSecondGraphConsumer#stopProducing(): hitsPerSecond produced 0 samples
2021-12-23 22:11:10,791 INFO o.a.j.r.p.AbstractSampleConsumer: class org.apache.jmeter.report.processor.graph.impl.LatencyVSRequestGraphConsumer#stopProducing(): latencyVsRequest produced 0 samples
2021-12-23 22:11:10,791 INFO o.a.j.r.p.AbstractSampleConsumer: class org.apache.jmeter.report.processor.graph.impl.SyntheticResponseTimeDistributionGraphConsumer#stopProducing(): syntheticResponseTimeDistribution produced 0 samples
2021-12-23 22:11:10,792 INFO o.a.j.r.p.AbstractSampleConsumer: class org.apache.jmeter.report.processor.graph.impl.BytesThroughputGraphConsumer#stopProducing(): bytesThroughputOverTime produced 0 samples
2021-12-23 22:11:10,792 INFO o.a.j.r.p.AbstractSampleConsumer: class org.apache.jmeter.report.processor.graph.impl.CodesPerSecondGraphConsumer#stopProducing(): codesPerSecond produced 0 samples
2021-12-23 22:11:10,797 INFO o.a.j.r.p.AbstractSampleConsumer: class org.apache.jmeter.report.processor.graph.impl.ResponseTimeVSRequestGraphConsumer#stopProducing(): responseTimeVsRequest produced 0 samples
2021-12-23 22:11:10,797 INFO o.a.j.r.p.AbstractSampleConsumer: class org.apache.jmeter.report.processor.FilterConsumer#stopProducing(): startIntervalControlerFilter produced 210 samples
2021-12-23 22:11:10,797 INFO o.a.j.r.p.AbstractSampleConsumer: class org.apache.jmeter.report.processor.graph.impl.TotalTPSGraphConsumer#stopProducing(): totalTPS produced 0 samples
2021-12-23 22:11:10,797 INFO o.a.j.r.p.AbstractSampleConsumer: class org.apache.jmeter.report.processor.graph.impl.ActiveThreadsGraphConsumer#stopProducing(): activeThreadsOverTime produced 0 samples
2021-12-23 22:11:10,797 INFO o.a.j.r.p.AbstractSampleConsumer: class org.apache.jmeter.report.processor.graph.impl.TimeVSThreadGraphConsumer#stopProducing(): timeVsThreads produced 0 samples
2021-12-23 22:11:10,798 INFO o.a.j.r.p.AbstractSampleConsumer: class org.apache.jmeter.report.processor.graph.impl.ResponseTimeDistributionGraphConsumer#stopProducing(): responseTimeDistribution produced 0 samples
2021-12-23 22:11:10,798 INFO o.a.j.r.p.AbstractSampleConsumer: class org.apache.jmeter.report.processor.graph.impl.TransactionsPerSecondGraphConsumer#stopProducing(): transactionsPerSecond produced 0 samples
2021-12-23 22:11:10,798 INFO o.a.j.r.p.AbstractSampleConsumer: class org.apache.jmeter.report.processor.graph.impl.ResponseTimePercentilesGraphConsumer#stopProducing(): responseTimePercentiles produced 0 samples
2021-12-23 22:11:10,800 INFO o.a.j.r.p.AbstractSampleConsumer: class org.apache.jmeter.report.processor.graph.impl.ResponseTimePercentilesOverTimeGraphConsumer#stopProducing(): responseTimePercentilesOverTime produced 0 samples
2021-12-23 22:11:10,800 INFO o.a.j.r.p.AbstractSampleConsumer: class org.apache.jmeter.report.processor.graph.impl.ResponseTimeOverTimeGraphConsumer#stopProducing(): responseTimesOverTime produced 0 samples
2021-12-23 22:11:10,800 INFO o.a.j.r.p.AbstractSampleConsumer: class org.apache.jmeter.report.processor.graph.impl.ConnectTimeOverTimeGraphConsumer#stopProducing(): connectTimeOverTime produced 0 samples
2021-12-23 22:11:10,800 INFO o.a.j.r.p.AbstractSampleConsumer: class org.apache.jmeter.report.processor.graph.impl.LatencyOverTimeGraphConsumer#stopProducing(): latenciesOverTime produced 0 samples
2021-12-23 22:11:10,800 INFO o.a.j.r.p.AbstractSampleConsumer: class org.apache.jmeter.report.processor.FilterConsumer#stopProducing(): nameFilter produced 450 samples
2021-12-23 22:11:10,801 INFO o.a.j.r.p.AbstractSampleConsumer: class org.apache.jmeter.report.processor.FilterConsumer#stopProducing(): dateRangeFilter produced 90 samples
2021-12-23 22:11:10,801 INFO o.a.j.r.p.AbstractSampleConsumer: class org.apache.jmeter.report.processor.NormalizerSampleConsumer#stopProducing(): normalizer produced 30 samples
2021-12-23 22:11:10,801 INFO o.a.j.r.p.CsvFileSampleSource: produce(): 30 samples produced in 129ms on channel 0
2021-12-23 22:11:10,802 INFO o.a.j.r.d.ReportGenerator: Exporting data using exporter:'json' of className:'org.apache.jmeter.report.dashboard.JsonExporter'
2021-12-23 22:11:10,984 INFO o.a.j.r.d.JsonExporter: Found data for consumer statisticsSummary in context
2021-12-23 22:11:10,984 INFO o.a.j.r.d.JsonExporter: Creating statistics for overall
2021-12-23 22:11:10,985 INFO o.a.j.r.d.JsonExporter: Creating statistics for other transactions
2021-12-23 22:11:10,985 INFO o.a.j.r.d.JsonExporter: Checking output folder
2021-12-23 22:11:10,986 INFO o.a.j.r.d.JsonExporter: Writing statistics JSON to D:\QA\apache-jmeter-5.4.1\bin\customer_info\Reports\statistics.json
2021-12-23 22:11:11,042 INFO o.a.j.r.d.ReportGenerator: Exporting data using exporter:'html' of className:'org.apache.jmeter.report.dashboard.HtmlTemplateExporter'
2021-12-23 22:11:11,046 INFO o.a.j.r.d.HtmlTemplateExporter: Will generate dashboard in folder: D:\QA\apache-jmeter-5.4.1\bin\customer_info\Reports
2021-12-23 22:11:11,185 INFO o.a.j.r.d.HtmlTemplateExporter: Report will be generated in: D:\QA\apache-jmeter-5.4.1\bin\customer_info\Reports, creating folder structure
2021-12-23 22:11:11,189 INFO o.a.j.r.d.TemplateVisitor: Copying folder from 'D:\QA\apache-jmeter-5.4.1\bin\report-template' to 'D:\QA\apache-jmeter-5.4.1\bin\customer_info\Reports', got message: D:\QA\apache-jmeter-5.4.1\bin\customer_info\Reports, found non empty folder with following content [D:\QA\apache-jmeter-5.4.1\bin\customer_info\Reports\statistics.json], will be ignored
2021-12-23 22:11:11,814 INFO o.a.j.JMeter: Dashboard generated
